U0187M4NWG4
U0187M4NWG4
U0187M4NWG4Beaker
U0187M4NWG4Beaker
U0181Q8NDT5
U0181Q8NDT5
U0181Q8NDT5
U0181Q8NDT5
U0181Q8NDT5
U0181Q8NDT5
U0181Q8NDT5
U0181Q8NDT5
U0181Q8NDT5
U0181Q8NDT5
U0181Q8NDT5
U0181Q8NDT5
U0181Q8NDT5
U0181Q8NDT5
U0181Q8NDT5
U0181Q8NDT5
U0181Q8NDT5
U0181Q8NDT5
U0181Q8NDT5
U0181Q8NDT5
U0181Q8NDT5
U0181Q8NDT5
U0181Q8NDT5
U0181Q8NDT5
U0181Q8NDT5
U0181Q8NDT5
U0181Q8NDT5
U0181Q8NDT5
U0181Q8NDT5
U0181Q8NDT5
U0181Q8NDT5
U0181Q8NDT5
U0181Q8NDT5
U0181Q8NDT5
U010RNE6JRY PowerPlant
U010RNE6JRY PowerPlant
U010RNE6JRY PowerPlant
U010RNE6JRY PowerPlant
U010RNE6JRY PowerPlant
U010RNE6JRY PowerPlant
U010RNE6JRY PowerPlant
U010RNE6JRY PowerPlant
U010RNE6JRY PowerPlant
U010RNE6JRY PowerPlant
U010RNE6JRY PowerPlant
U010RNE6JRY PowerPlant
U010RNE6JRY PowerPlant
U010RNE6JRY PowerPlant
U010RNE6JRY PowerPlant
U010RNE6JRY PowerPlant
U010RNE6JRY PowerPlant
U010RNE6JRY PowerPlant
U010RNE6JRY PowerPlant
U010RNE6JRY PowerPlant
U010RNE6JRY PowerPlant
U010RNE6JRY PowerPlant
U010RNE6JRY PowerPlant
U010RNE6JRY PowerPlant
U010RNE6JRY PowerPlant
U010RNE6JRY PowerPlant
U010RNE6JRY PowerPlant
U010RNE6JRY PowerPlant
U010RNE6JRY PowerPlant
U010RNE6JRY PowerPlant
U010RNE6JRY PowerPlant
U010RNE6JRY PowerPlant
U010RNE6JRY PowerPlant
U010RNE6JRY PowerPlant
U010RNE6JRY PowerPlant
U010RNE6JRY PowerPlant
U010RNE6JRY PowerPlant
U010RNE6JRY PowerPlant
U010RNE6JRY PowerPlant
U010RNE6JRY PowerPlant
U010RNE6JRY PowerPlant
U010RNE6JRY PowerPlant
U010RNE6JRY PowerPlant
U010RNE6JRY PowerPlant
U010RNE6JRY PowerPlant
U010RNE6JRY PowerPlant
U010RNE6JRY PowerPlant
U010RNE6JRY PowerPlant
U010RNE6JRY PowerPlant
U010RNE6JRY PowerPlant
U010RNE6JRY PowerPlant
U010RNE6JRY PowerPlant
U010RNE6JRY PowerPlant
U010RNE6JRY PowerPlant
U010RNE6JRY PowerPlant
U010RNE6JRY PowerPlant
U010RNE6JRY PowerPlant
U010RNE6JRY PowerPlant
U010RNE6JRY PowerPlant
U010RNE6JRY PowerPlant
U010RNE6JRY PowerPlant
U010RNE6JRY PowerPlant
U010RNE6JRY PowerPlant
U010RNE6JRY PowerPlant
U010RNE6JRY PowerPlant
U010RNE6JRY PowerPlant
U010RNE6JRY PowerPlant
U010RNE6JRY PowerPlant
U010RNE6JRY PowerPlant
U010RNE6JRY PowerPlant
U010RNE6JRY PowerPlant
U010RNE6JRY PowerPlant
U010RNE6JRY PowerPlant
U010RNE6JRY PowerPlant
U010RNE6JRY PowerPlant
U010RNE6JRY PowerPlant
U010RNE6JRY PowerPlant
U010RNE6JRY PowerPlant
U010RNE6JRY PowerPlant
U010RNE6JRY PowerPlant
U010RNE6JRY PowerPlant
U010RNE6JRY PowerPlant
U010RNE6JRY PowerPlant
U010RNE6JRY PowerPlant
U010RNE6JRY PowerPlant
U010RNE6JRY PowerPlant
U010RNE6JRY PowerPlant
U010RNE6JRY PowerPlant
U010RNE6JRY PowerPlant
U010RNE6JRY PowerPlant
U010RNE6JRY PowerPlant
U010RNE6JRY PowerPlant
U010RNE6JRY PowerPlant
U010RNE6JRY PowerPlant
U010RNE6JRY PowerPlant
U010RNE6JRY PowerPlant
U010RNE6JRY PowerPlant
U010RNE6JRY PowerPlant
U010RNE6JRY PowerPlant
U010RNE6JRY PowerPlant
U010RNE6JRY PowerPlant
U010RNE6JRY PowerPlant
U010RNE6JRY PowerPlant
U010RNE6JRY PowerPlant
U010RNE6JRY PowerPlant
U010RNE6JRY PowerPlant
U010RNE6JRY PowerPlant
U010RNE6JRY PowerPlant
U010RNE6JRY PowerPlant
U010RNE6JRY PowerPlant
U010RNE6JRY PowerPlant
U010RNE6JRY PowerPlant
U010RNE6JRY PowerPlant
U010RNE6JRY PowerPlant
U010RNE6JRY PowerPlant
U010RNE6JRY PowerPlant
U010RNE6JRY PowerPlant
U010RNE6JRY PowerPlant
U010RNE6JRY PowerPlant
U010RNE6JRY PowerPlant
U010RNE6JRY PowerPlant
U010RNE6JRY PowerPlant
U010RNE6JRY PowerPlant
U010RNE6JRY PowerPlant
U010RNE6JRY PowerPlant
U010RNE6JRY PowerPlant
U010RNE6JRY PowerPlant
U010RNE6JRY PowerPlant
U010RNE6JRY PowerPlant
U010RNE6JRY PowerPlant
U010RNE6JRY PowerPlant
U010RNE6JRY PowerPlant
U010RNE6JRY PowerPlant
U010RNE6JRY PowerPlant
U010RNE6JRY PowerPlant
U010RNE6JRY PowerPlant
U010RNE6JRY PowerPlant
U010RNE6JRY PowerPlant
U010RNE6JRY PowerPlant
U010RNE6JRY PowerPlant
U010RNE6JRY PowerPlant
U010RNE6JRY PowerPlant
U010RNE6JRY PowerPlant
U010RNE6JRY PowerPlant
U010RNE6JRY PowerPlant
U010RNE6JRY PowerPlant
U010RNE6JRY PowerPlant
U010RNE6JRY PowerPlant
U010RNE6JRY PowerPlant
U010RNE6JRY PowerPlant
U010RNE6JRY PowerPlant
U010RNE6JRY PowerPlant
U010RNE6JRY PowerPlant
U010RNE6JRY PowerPlant
U010RNE6JRY PowerPlant
U010RNE6JRY PowerPlant
U010RNE6JRY PowerPlant
U010RNE6JRY PowerPlant
U010RNE6JRY PowerPlant
U010RNE6JRY PowerPlant
U010RNE6JRY PowerPlant
U010RNE6JRY PowerPlant
U010RNE6JRY PowerPlant
U010RNE6JRY PowerPlant
U010RNE6JRY PowerPlant
U010RNE6JRY PowerPlant
U010RNE6JRY PowerPlant
U010RNE6JRY PowerPlant
U010RNE6JRY PowerPlant
U010RNE6JRY PowerPlant
U010RNE6JRY PowerPlant
U010RNE6JRY PowerPlant
U010RNE6JRY PowerPlant
U010RNE6JRY PowerPlant
U010RNE6JRY PowerPlant
U010RNE6JRY PowerPlant
U010RNE6JRY PowerPlant
U010RNE6JRY PowerPlant
U010RNE6JRY PowerPlant
U010RNE6JRY PowerPlant
U010RNE6JRY PowerPlant
U010RNE6JRY PowerPlant
U010RNE6JRY PowerPlant
U010RNE6JRY PowerPlant
U010RNE6JRY PowerPlant
U010RNE6JRY PowerPlant
U010RNE6JRY PowerPlant
U010RNE6JRY PowerPlant
U010RNE6JRY PowerPlant
U010RNE6JRY PowerPlant
U010RNE6JRY PowerPlant
U010RNE6JRY PowerPlant
U010RNE6JRY PowerPlant
U010RNE6JRY PowerPlant
U010RNE6JRY PowerPlant
U010RNE6JRY PowerPlant
U010RNE6JRY PowerPlant
U010RNE6JRY PowerPlant
U010RNE6JRY PowerPlant
U010RNE6JRY PowerPlant
U010RNE6JRY PowerPlant
U010RNE6JRY PowerPlant
U010RNE6JRY PowerPlant
U010RNE6JRY PowerPlant
U010RNE6JRY PowerPlant
U010RNE6JRY PowerPlant
U010RNE6JRY PowerPlant
U010RNE6JRY PowerPlant
U010RNE6JRY PowerPlant
U010RNE6JRY PowerPlant
U010RNE6JRY PowerPlant
U010RNE6JRY PowerPlant
U010RNE6JRY PowerPlant
U010RNE6JRY PowerPlant
U010RNE6JRY PowerPlant
U010RNE6JRY PowerPlant
U010RNE6JRY PowerPlant
U010RNE6JRY PowerPlant
U010RNE6JRY PowerPlant
U010RNE6JRY PowerPlant
U010RNE6JRY PowerPlant
U010RNE6JRY PowerPlant
U010RNE6JRY PowerPlant
U010RNE6JRY PowerPlant
U010RNE6JRY PowerPlant
U010RNE6JRY PowerPlant
U010RNE6JRY PowerPlant
U010RNE6JRY PowerPlant
U010RNE6JRY PowerPlant
U010RNE6JRY PowerPlant
U010RNE6JRY PowerPlant
U010RNE6JRY PowerPlant
U010RNE6JRY PowerPlant
U010RNE6JRY PowerPlant
U010RNE6JRY PowerPlant
U010RNE6JRY PowerPlant
U010RNE6JRY PowerPlant
U010RNE6JRY PowerPlant
U010RNE6JRY PowerPlant
U010RNE6JRY PowerPlant
U010RNE6JRY PowerPlant
U010RNE6JRY PowerPlant
U010RNE6JRY PowerPlant
U010RNE6JRY PowerPlant
U010RNE6JRY PowerPlant
U010RNE6JRY PowerPlant
U010RNE6JRY PowerPlant
U010RNE6JRY PowerPlant
U010RNE6JRY PowerPlant
U010RNE6JRY PowerPlant
U010RNE6JRY PowerPlant
U010RNE6JRY PowerPlant
U010RNE6JRY PowerPlant
U010RNE6JRY PowerPlant
U010RNE6JRY PowerPlant
U010RNE6JRY PowerPlant
U010RNE6JRY PowerPlant
U010RNE6JRY PowerPlant
U010RNE6JRY PowerPlant
U010RNE6JRY PowerPlant
U010RNE6JRY PowerPlant
U010RNE6JRY PowerPlant
U010RNE6JRY PowerPlant
U010RNE6JRY PowerPlant
U010RNE6JRY PowerPlant
U010RNE6JRY PowerPlant
U010RNE6JRY PowerPlant
U010RNE6JRY PowerPlant
U010RNE6JRY PowerPlant
U010RNE6JRY PowerPlant
U010RNE6JRY PowerPlant
U010RNE6JRY PowerPlant
U010RNE6JRY PowerPlant
U010RNE6JRY PowerPlant
U010RNE6JRY PowerPlant
U010RNE6JRY PowerPlant
U010RNE6JRY PowerPlant
U010RNE6JRY PowerPlant
U010RNE6JRY PowerPlant
U010RNE6JRY PowerPlant
U010RNE6JRY PowerPlant
U010RNE6JRY PowerPlant
U010RNE6JRY PowerPlant
U010RNE6JRY PowerPlant
U010RNE6JRY PowerPlant
U010RNE6JRY PowerPlant
U010RNE6JRY PowerPlant
U010RNE6JRY PowerPlant
U010RNE6JRY PowerPlant
U010RNE6JRY PowerPlant
U010RNE6JRY PowerPlant
U010RNE6JRY PowerPlant
U010RNE6JRY PowerPlant
U010RNE6JRY PowerPlant
U010RNE6JRY PowerPlant
U010RNE6JRY PowerPlant
U010RNE6JRY PowerPlant
U010RNE6JRY PowerPlant
U010RNE6JRY PowerPlant
U010RNE6JRY PowerPlant
U010RNE6JRY PowerPlant
U010RNE6JRY PowerPlant
U010RNE6JRY PowerPlant
U010RNE6JRY PowerPlant
U010RNE6JRY PowerPlant
U010RNE6JRY PowerPlant
U010RNE6JRY PowerPlant
U010RNE6JRY PowerPlant
U010RNE6JRY PowerPlant
U010RNE6JRY PowerPlant
U010RNE6JRY PowerPlant
U010RNE6JRY PowerPlant
U010RNE6JRY PowerPlant
U010RNE6JRY PowerPlant
U010RNE6JRY PowerPlant
U010RNE6JRY PowerPlant
U010RNE6JRY PowerPlant
U010RNE6JRY PowerPlant
U010RNE6JRY PowerPlant
U010RNE6JRY PowerPlant
U010RNE6JRY PowerPlant
U010RNE6JRY PowerPlant
U010RNE6JRY PowerPlant
U010RNE6JRY PowerPlant
U010RNE6JRY PowerPlant
U010RNE6JRY PowerPlant
U0147JYEKGF GMO
U014MT72MDK Maroon
U014NHK0411 Chisel
U014PPDG5U3 Roundup
U014UGT134L Ronda
U01510EPPQR Wolverine
U01510EQ5CZ Honey Pot
U015D8BHK47 Beans
U015D8BK5TR Escalator
U015SK1CM45 LaGordita
U015U0RKMUJ Cricket
U015U6W7DDZ Pitino
U015U6WFWP5 Mr Peabody
U0166AV8MRD brain
U0166BDVCLX Jalopy
U0166K3URSM Ralph
U0169EV72F7 Lube
U016EB5F05C Breathe
U016HRBU5KJ Flipper
U016KMMUWCV Flopper
U016KNA2JTX Meatball
U016KUW4DU5 Sheldon
U016M3A1QQ2 DoughBoy
U016M404NUA Sweaty Eyes
U016M9EC2NP Brady Bunch
U016T9AFJTE Send ‘em
U016ZMND9CZ Deep Dish
U016ZNCMZ09 Red Shirt
U0170M5L2HE CROP CIRCLE
U017128PJ74 Meatball
